2022-02-20 19:36:15,904 - G:\毕设项目\API\appTest\pc_api\views.py[line:112] - ERROR: malformed node or string: <_ast.Call object at 0x000002276B071DC0>
2022-02-20 19:37:59,469 - G:\毕设项目\API\appTest\pc_api\views.py[line:112] - ERROR: malformed node or string: <_ast.Call object at 0x000002276B25EF70>
2022-02-20 19:39:19,273 - G:\毕设项目\API\appTest\pc_api\views.py[line:113] - ERROR: malformed node or string: <_ast.Call object at 0x000001C6FFF71790>
2022-02-20 19:39:19,273 - G:\毕设项目\API\appTest\pc_api\views.py[line:113] - ERROR: malformed node or string: <_ast.Call object at 0x000001C6FFF71790>
2022-02-20 19:40:11,709 - G:\毕设项目\API\appTest\pc_api\views.py[line:115] - ERROR: malformed node or string: <_ast.Call object at 0x00000234B7F45D90>
2022-02-20 19:40:11,709 - G:\毕设项目\API\appTest\pc_api\views.py[line:115] - ERROR: malformed node or string: <_ast.Call object at 0x00000234B7F45D90>
2022-02-20 19:40:24,368 - G:\毕设项目\API\appTest\pc_api\views.py[line:115] - ERROR: malformed node or string: <_ast.Call object at 0x00000234B7DD5AF0>
2022-02-20 19:40:24,368 - G:\毕设项目\API\appTest\pc_api\views.py[line:115] - ERROR: malformed node or string: <_ast.Call object at 0x00000234B7DD5AF0>
2022-02-20 19:41:38,597 - G:\毕设项目\API\appTest\pc_api\views.py[line:116] - ERROR: malformed node or string: <_ast.Call object at 0x000001E3E6F81E50>
2022-02-20 19:41:38,597 - G:\毕设项目\API\appTest\pc_api\views.py[line:116] - ERROR: malformed node or string: <_ast.Call object at 0x000001E3E6F81E50>
2022-02-20 19:43:38,122 - G:\毕设项目\API\appTest\pc_api\views.py[line:113] - ERROR: malformed node or string: <_ast.Call object at 0x000001BE74F18EB0>
2022-02-20 19:43:38,122 - G:\毕设项目\API\appTest\pc_api\views.py[line:113] - ERROR: malformed node or string: <_ast.Call object at 0x000001BE74F18EB0>
2022-02-20 19:45:53,240 - G:\毕设项目\API\appTest\pc_api\views.py[line:112] - ERROR: unsupported operand type(s) for -: 'str' and 'int'
2022-02-20 19:45:53,240 - G:\毕设项目\API\appTest\pc_api\views.py[line:112] - ERROR: unsupported operand type(s) for -: 'str' and 'int'
2022-02-20 19:46:56,885 - G:\毕设项目\API\appTest\pc_api\views.py[line:112] - ERROR: unsupported operand type(s) for -: 'str' and 'int'
2022-02-20 19:46:56,885 - G:\毕设项目\API\appTest\pc_api\views.py[line:112] - ERROR: unsupported operand type(s) for -: 'str' and 'int'
2022-02-20 19:47:54,114 - G:\毕设项目\API\appTest\pc_api\views.py[line:113] - ERROR: unsupported operand type(s) for -: 'str' and 'int'
2022-02-20 19:47:54,114 - G:\毕设项目\API\appTest\pc_api\views.py[line:113] - ERROR: unsupported operand type(s) for -: 'str' and 'int'
2022-02-20 19:49:09,145 - G:\毕设项目\API\appTest\pc_api\views.py[line:113] - ERROR: unsupported operand type(s) for -: 'str' and 'int'
2022-02-20 19:49:09,145 - G:\毕设项目\API\appTest\pc_api\views.py[line:113] - ERROR: unsupported operand type(s) for -: 'str' and 'int'
2022-02-20 19:53:57,604 - G:\毕设项目\API\appTest\pc_api\views.py[line:112] - ERROR: malformed node or string: <_ast.Call object at 0x00000201CFB59490>
2022-02-20 19:53:57,604 - G:\毕设项目\API\appTest\pc_api\views.py[line:112] - ERROR: malformed node or string: <_ast.Call object at 0x00000201CFB59490>
2022-02-20 19:54:58,567 - G:\毕设项目\API\appTest\pc_api\views.py[line:114] - ERROR: malformed node or string: <_ast.Call object at 0x0000025703F89EB0>
2022-02-20 19:54:58,567 - G:\毕设项目\API\appTest\pc_api\views.py[line:114] - ERROR: malformed node or string: <_ast.Call object at 0x0000025703F89EB0>
2022-02-20 20:19:56,386 - G:\毕设项目\API\appTest\utils\dbV3\db.py[line:347] - ERROR: (1054, "Unknown column 'fp.empi' in 'where clause'")
2022-02-20 20:19:56,386 - G:\毕设项目\API\appTest\utils\dbV3\db.py[line:347] - ERROR: (1054, "Unknown column 'fp.empi' in 'where clause'")
2022-02-20 20:20:51,862 - G:\毕设项目\API\appTest\pc_api\views.py[line:43] - ERROR: malformed node or string: <_ast.Call object at 0x0000028982175EB0>
2022-02-20 20:20:51,862 - G:\毕设项目\API\appTest\pc_api\views.py[line:43] - ERROR: malformed node or string: <_ast.Call object at 0x0000028982175EB0>
2022-02-20 20:22:07,721 - G:\毕设项目\API\appTest\pc_api\views.py[line:43] - ERROR: malformed node or string: <_ast.Call object at 0x000002065F346AF0>
2022-02-20 20:22:07,721 - G:\毕设项目\API\appTest\pc_api\views.py[line:43] - ERROR: malformed node or string: <_ast.Call object at 0x000002065F346AF0>
